<?xml version="1.0" encoding="UTF-8"?>
<testng-results ignored="0" total="1" passed="1" failed="0" skipped="0">
  <reporter-output>
  </reporter-output>
  <suite started-at="2020-12-07T17:48:30 IST" name="Suite" finished-at="2020-12-07T17:49:00 IST" duration-ms="30563">
    <groups>
    </groups>
    <test started-at="2020-12-07T17:48:30 IST" name="Test" finished-at="2020-12-07T17:49:00 IST" duration-ms="30563">
      <class name="com.AppTest.AppLogin">
        <test-method is-config="true" signature="setupSuite()[pri:0, instance:com.AppTest.AppLogin@366647c2]" started-at="2020-12-07T17:48:30 IST" name="setupSuite" finished-at="2020-12-07T17:48:30 IST" duration-ms="8" status="PASS">
          <reporter-output>
          </reporter-output>
        </test-method> <!-- setupSuite -->
        <test-method is-config="true" signature="launchBrowser()[pri:0, instance:com.AppTest.AppLogin@366647c2]" started-at="2020-12-07T17:48:30 IST" name="launchBrowser" finished-at="2020-12-07T17:48:56 IST" duration-ms="26405" status="PASS">
          <reporter-output>
          </reporter-output>
        </test-method> <!-- launchBrowser -->
        <test-method signature="verifylogin()[pri:0, instance:com.AppTest.AppLogin@366647c2]" started-at="2020-12-07T17:48:56 IST" name="verifylogin" finished-at="2020-12-07T17:49:00 IST" duration-ms="3936" status="PASS">
          <reporter-output>
          </reporter-output>
        </test-method> <!-- verifylogin -->
        <test-method is-config="true" signature="quitbrowser()[pri:0, instance:com.AppTest.AppLogin@366647c2]" started-at="2020-12-07T17:49:00 IST" name="quitbrowser" finished-at="2020-12-07T17:49:00 IST" duration-ms="136" status="PASS">
          <reporter-output>
          </reporter-output>
        </test-method> <!-- quitbrowser -->
      </class> <!-- com.AppTest.AppLogin -->
    </test> <!-- Test -->
  </suite> <!-- Suite -->
</testng-results>
